{"C:\\Users\\sophi\\javascript-capstone\\src\\comment-count.js": {"path":"C:\\Users\\sophi\\javascript-capstone\\src\\comment-count.js","statementMap":{"0":{"start":{"line":1,"column":22},"end":{"line":1,"column":48}},"1":{"start":{"line":1,"column":32},"end":{"line":1,"column":48}}},"fnMap":{"0":{"name":"(anonymous_0)","decl":{"start":{"line":1,"column":22},"end":{"line":1,"column":23}},"loc":{"start":{"line":1,"column":32},"end":{"line":1,"column":48}},"line":1}},"branchMap":{"0":{"loc":{"start":{"line":1,"column":32},"end":{"line":1,"column":48}},"type":"binary-expr","locations":[{"start":{"line":1,"column":32},"end":{"line":1,"column":43}},{"start":{"line":1,"column":47},"end":{"line":1,"column":48}}],"line":1}},"s":{"0":1,"1":1},"f":{"0":1},"b":{"0":[1,0]},"_coverageSchema":"1a1c01bbd47fc00a2c39e90264f33305004495a9","hash":"dd47a2ef2987b7f5add85ea5dd8aa6d89af1257a"}
}
